<?xml version="1.0" encoding="UTF-8"?>
<!-- Generated by org.testng.reporters.JUnitXMLReporter -->
<testsuite hostname="LAPTOP-8V3K0TJC" ignored="0" name="test3" tests="1" failures="0" timestamp="08 Dec 2020 06:33:26 GMT" time="2.064" errors="0">
  <testcase name="@BeforeTest init" time="2.052" classname="Training.validateTitle">
    <failure type="org.openqa.selenium.SessionNotCreatedException" message="session not created: This version of ChromeDriver only supports Chrome version 85
Build info: version: &amp;apos;3.141.59&amp;apos;, revision: &amp;apos;e82be7d358&amp;apos;, time: &amp;apos;2018-11-14T08:17:03&amp;apos;
System info: host: &amp;apos;LAPTOP-8V3K0TJC&amp;apos;, ip: &amp;apos;192.168.0.9&amp;apos;, os.name: &amp;apos;Windows 10&amp;apos;, os.arch: &amp;apos;amd64&amp;apos;, os.version: &amp;apos;10.0&amp;apos;, java.version: &amp;apos;1.8.0_241&amp;apos;
Driver info: driver.version: ChromeDriver
remote stacktrace: Backtrace:
	Ordinal0 [0x00EFD383+3134339]
	Ordinal0 [0x00DEA171+2007409]
	Ordinal0 [0x00C8AEE8+569064]
	Ordinal0 [0x00C1139F+70559]
	Ordinal0 [0x00C0CC63+52323]
	Ordinal0 [0x00C30DFC+200188]
	Ordinal0 [0x00C30C1D+199709]
	Ordinal0 [0x00C2EB0B+191243]
	Ordinal0 [0x00C12E77+77431]
	Ordinal0 [0x00C13E3E+81470]
	Ordinal0 [0x00C13DC9+81353]
	Ordinal0 [0x00E00CD9+2100441]
	GetHandleVerifier [0x0106B75A+1396954]
	GetHandleVerifier [0x0106B3D9+1396057]
	GetHandleVerifier [0x01077126+1444518]
	GetHandleVerifier [0x0106BCE8+1398376]
	Ordinal0 [0x00DF7F51+2064209]
	Ordinal0 [0x00E022EB+2106091]
	Ordinal0 [0x00E02411+2106385]
	Ordinal0 [0x00E149C4+2181572]
	BaseThreadInitThunk [0x755D6359+25]
	RtlGetAppContainerNamedObjectPath [0x77E28944+228]
	RtlGetAppContainerNamedObjectPath [0x77E28914+180]
">
      <![CDATA[org.openqa.selenium.SessionNotCreatedException: session not created: This version of ChromeDriver only supports Chrome version 85
Build info: version: '3.141.59', revision: 'e82be7d358', time: '2018-11-14T08:17:03'
System info: host: 'LAPTOP-8V3K0TJC', ip: '192.168.0.9', os.name: 'Windows 10', os.arch: 'amd64', os.version: '10.0', java.version: '1.8.0_241'
Driver info: driver.version: ChromeDriver
remote stacktrace: Backtrace:
Ordinal0 [0x00EFD383+3134339]
Ordinal0 [0x00DEA171+2007409]
Ordinal0 [0x00C8AEE8+569064]
Ordinal0 [0x00C1139F+70559]
Ordinal0 [0x00C0CC63+52323]
Ordinal0 [0x00C30DFC+200188]
Ordinal0 [0x00C30C1D+199709]
Ordinal0 [0x00C2EB0B+191243]
Ordinal0 [0x00C12E77+77431]
Ordinal0 [0x00C13E3E+81470]
Ordinal0 [0x00C13DC9+81353]
Ordinal0 [0x00E00CD9+2100441]
GetHandleVerifier [0x0106B75A+1396954]
GetHandleVerifier [0x0106B3D9+1396057]
GetHandleVerifier [0x01077126+1444518]
GetHandleVerifier [0x0106BCE8+1398376]
Ordinal0 [0x00DF7F51+2064209]
Ordinal0 [0x00E022EB+2106091]
Ordinal0 [0x00E02411+2106385]
Ordinal0 [0x00E149C4+2181572]
BaseThreadInitThunk [0x755D6359+25]
RtlGetAppContainerNamedObjectPath [0x77E28944+228]
RtlGetAppContainerNamedObjectPath [0x77E28914+180]

at org.openqa.selenium.remote.W3CHandshakeResponse.lambda$errorHandler$0(W3CHandshakeResponse.java:62)
at org.openqa.selenium.remote.HandshakeResponse.lambda$getResponseFunction$0(HandshakeResponse.java:30)
at org.openqa.selenium.remote.ProtocolHandshake.lambda$createSession$0(ProtocolHandshake.java:126)
at java.util.stream.ReferencePipeline$3$1.accept(ReferencePipeline.java:193)
at java.util.Spliterators$ArraySpliterator.tryAdvance(Spliterators.java:958)
at java.util.stream.ReferencePipeline.forEachWithCancel(ReferencePipeline.java:126)
at java.util.stream.AbstractPipeline.copyIntoWithCancel(AbstractPipeline.java:499)
at java.util.stream.AbstractPipeline.copyInto(AbstractPipeline.java:486)
at java.util.stream.AbstractPipeline.wrapAndCopyInto(AbstractPipeline.java:472)
at java.util.stream.FindOps$FindOp.evaluateSequential(FindOps.java:152)
at java.util.stream.AbstractPipeline.evaluate(AbstractPipeline.java:234)
at java.util.stream.ReferencePipeline.findFirst(ReferencePipeline.java:464)
at org.openqa.selenium.remote.ProtocolHandshake.createSession(ProtocolHandshake.java:128)
at org.openqa.selenium.remote.ProtocolHandshake.createSession(ProtocolHandshake.java:74)
at org.openqa.selenium.remote.HttpCommandExecutor.execute(HttpCommandExecutor.java:136)
at org.openqa.selenium.remote.service.DriverCommandExecutor.execute(DriverCommandExecutor.java:83)
at org.openqa.selenium.remote.RemoteWebDriver.execute(RemoteWebDriver.java:552)
at org.openqa.selenium.remote.RemoteWebDriver.startSession(RemoteWebDriver.java:213)
at org.openqa.selenium.remote.RemoteWebDriver.<init>(RemoteWebDriver.java:131)
at org.openqa.selenium.chrome.ChromeDriver.<init>(ChromeDriver.java:181)
at org.openqa.selenium.chrome.ChromeDriver.<init>(ChromeDriver.java:168)
at org.openqa.selenium.chrome.ChromeDriver.<init>(ChromeDriver.java:123)
at utility.baseClass.initDriver(baseClass.java:37)
at Training.validateTitle.init(validateTitle.java:20)
... Removed 28 stack frames]]>
    </failure>
  </testcase> <!-- @BeforeTest init -->
  <testcase name="@AfterTest tearDown" time="0.0" classname="Training.validateTitle">
    <skipped/>
  </testcase> <!-- @AfterTest tearDown -->
  <testcase name="basePageNavigationTitle" time="0.0" classname="Training.validateTitle">
    <skipped/>
  </testcase> <!-- basePageNavigationTitle -->
</testsuite> <!-- test3 -->
